Determining if the pthread_create exist failed with the following output:
Change Dir: /home/oscko391/new_private_stuff/TNM086/lab2/build/CMakeFiles/CMakeTmp

Run Build Command:"/usr/bin/make" "cmTC_9d6c7/fast"
/usr/bin/make -f CMakeFiles/cmTC_9d6c7.dir/build.make CMakeFiles/cmTC_9d6c7.dir/build
make[1]: Entering directory '/ad_home/oscko391/TNM086/lab2/build/CMakeFiles/CMakeTmp'
Building C object CMakeFiles/cmTC_9d6c7.dir/CheckSymbolExists.c.o
/usr/bin/cc     -o CMakeFiles/cmTC_9d6c7.dir/CheckSymbolExists.c.o   -c /home/oscko391/new_private_stuff/TNM086/lab2/build/CMakeFiles/CMakeTmp/CheckSymbolExists.c
Linking C executable cmTC_9d6c7
/usr/bin/cmake -E cmake_link_script CMakeFiles/cmTC_9d6c7.dir/link.txt --verbose=1
/usr/bin/cc       CMakeFiles/cmTC_9d6c7.dir/CheckSymbolExists.c.o  -o cmTC_9d6c7 -rdynamic 
CMakeFiles/cmTC_9d6c7.dir/CheckSymbolExists.c.o: In function `main':
CheckSymbolExists.c:(.text+0x16): undefined reference to `pthread_create'
collect2: error: ld returned 1 exit status
CMakeFiles/cmTC_9d6c7.dir/build.make:97: recipe for target 'cmTC_9d6c7' failed
make[1]: *** [cmTC_9d6c7] Error 1
make[1]: Leaving directory '/ad_home/oscko391/TNM086/lab2/build/CMakeFiles/CMakeTmp'
Makefile:126: recipe for target 'cmTC_9d6c7/fast' failed
make: *** [cmTC_9d6c7/fast] Error 2

File /home/oscko391/new_private_stuff/TNM086/lab2/build/CMakeFiles/CMakeTmp/CheckSymbolExists.c:
/* */
#include <pthread.h>

int main(int argc, char** argv)
{
  (void)argv;
#ifndef pthread_create
  return ((int*)(&pthread_create))[argc];
#else
  (void)argc;
  return 0;
#endif
}

Determining if the function pthread_create exists in the pthreads failed with the following output:
Change Dir: /home/oscko391/new_private_stuff/TNM086/lab2/build/CMakeFiles/CMakeTmp

Run Build Command:"/usr/bin/make" "cmTC_62453/fast"
/usr/bin/make -f CMakeFiles/cmTC_62453.dir/build.make CMakeFiles/cmTC_62453.dir/build
make[1]: Entering directory '/ad_home/oscko391/TNM086/lab2/build/CMakeFiles/CMakeTmp'
Building C object CMakeFiles/cmTC_62453.dir/CheckFunctionExists.c.o
/usr/bin/cc    -DCHECK_FUNCTION_EXISTS=pthread_create   -o CMakeFiles/cmTC_62453.dir/CheckFunctionExists.c.o   -c /usr/share/cmake-3.5/Modules/CheckFunctionExists.c
Linking C executable cmTC_62453
/usr/bin/cmake -E cmake_link_script CMakeFiles/cmTC_62453.dir/link.txt --verbose=1
/usr/bin/cc   -DCHECK_FUNCTION_EXISTS=pthread_create    CMakeFiles/cmTC_62453.dir/CheckFunctionExists.c.o  -o cmTC_62453 -rdynamic -lpthreads 
/usr/bin/ld: cannot find -lpthreads
collect2: error: ld returned 1 exit status
CMakeFiles/cmTC_62453.dir/build.make:97: recipe for target 'cmTC_62453' failed
make[1]: *** [cmTC_62453] Error 1
make[1]: Leaving directory '/ad_home/oscko391/TNM086/lab2/build/CMakeFiles/CMakeTmp'
Makefile:126: recipe for target 'cmTC_62453/fast' failed
make: *** [cmTC_62453/fast] Error 2


